\BOOKMARK [1][-]{section*.1}{EDUCATION}{}% 1
\BOOKMARK [1][-]{section*.2}{RESEARCH\040EXPERIENCE}{}% 2
\BOOKMARK [1][-]{section*.3}{PUBLICATIONS}{}% 3
\BOOKMARK [2][-]{subsection*.4}{Peer-reviewed\040articles}{section*.3}% 4
\BOOKMARK [2][-]{subsection*.5}{Submitted}{section*.3}% 5
\BOOKMARK [1][-]{section*.6}{TALKS}{}% 6
\BOOKMARK [2][-]{subsection*.7}{Invited\040talks}{section*.6}% 7
\BOOKMARK [2][-]{subsection*.8}{Conference\040talks}{section*.6}% 8
\BOOKMARK [2][-]{subsection*.9}{In-house\040talks}{section*.6}% 9
\BOOKMARK [1][-]{section*.10}{POSTERS}{}% 10
\BOOKMARK [1][-]{section*.11}{SCIENTIFIC\040PROGRAMMING}{}% 11
\BOOKMARK [2][-]{subsection*.12}{Softwares}{section*.11}% 12
\BOOKMARK [2][-]{subsection*.13}{Packages}{section*.11}% 13
\BOOKMARK [2][-]{subsection*.14}{Databases}{section*.11}% 14
\BOOKMARK [1][-]{section*.15}{WORKSHOP\040PARTICIPATIONS}{}% 15
\BOOKMARK [1][-]{section*.16}{PUBLIC\040OUTREACH}{}% 16
\BOOKMARK [1][-]{section*.17}{GRANTS\040&\040AWARDS}{}% 17
\BOOKMARK [2][-]{subsection*.18}{Grants}{section*.17}% 18
\BOOKMARK [2][-]{subsection*.19}{Awards}{section*.17}% 19
\BOOKMARK [1][-]{section*.20}{SERVICES\040TO\040PROFESSION}{}% 20
\BOOKMARK [1][-]{section*.21}{WORK\040EXPERIENCE}{}% 21
\BOOKMARK [1][-]{section*.22}{PROFESSIONAL\040MEMBERSHIP}{}% 22
\BOOKMARK [1][-]{section*.23}{OTHER}{}% 23
